Performing C++ SOURCE FILE Test TR1_UNORDERED_MAP_TR1_STD failed with the following output:
Change Dir: /home/svasilyev/disperse_v0.9.24_03/disperse_03/build/CMakeFiles/CMakeTmp

Run Build Command(s):/usr/bin/make cmTC_27617/fast && /usr/bin/make -f CMakeFiles/cmTC_27617.dir/build.make CMakeFiles/cmTC_27617.dir/build
make[1]: вход в каталог «/home/svasilyev/disperse_v0.9.24_03/disperse_03/build/CMakeFiles/CMakeTmp»
Building CXX object CMakeFiles/cmTC_27617.dir/src.cxx.o
/usr/bin/c++    -DTR1_UNORDERED_MAP_TR1_STD   -o CMakeFiles/cmTC_27617.dir/src.cxx.o -c /home/svasilyev/disperse_v0.9.24_03/disperse_03/build/CMakeFiles/CMakeTmp/src.cxx
/home/svasilyev/disperse_v0.9.24_03/disperse_03/build/CMakeFiles/CMakeTmp/src.cxx: In function ‘int main()’:
/home/svasilyev/disperse_v0.9.24_03/disperse_03/build/CMakeFiles/CMakeTmp/src.cxx:5:6: error: ‘unordered_map’ is not a member of ‘std’
      std::unordered_map<int, int> m;
      ^~~
/home/svasilyev/disperse_v0.9.24_03/disperse_03/build/CMakeFiles/CMakeTmp/src.cxx:5:6: note: suggested alternative:
In file included from /usr/include/c++/6/tr1/unordered_map:42:0,
                 from /home/svasilyev/disperse_v0.9.24_03/disperse_03/build/CMakeFiles/CMakeTmp/src.cxx:2:
/usr/include/c++/6/tr1/unordered_map.h:180:11: note:   ‘std::tr1::unordered_map’
     class unordered_map
           ^~~~~~~~~~~~~
/home/svasilyev/disperse_v0.9.24_03/disperse_03/build/CMakeFiles/CMakeTmp/src.cxx:5:25: error: expected primary-expression before ‘int’
      std::unordered_map<int, int> m;
                         ^~~
make[1]: *** [CMakeFiles/cmTC_27617.dir/build.make:66: CMakeFiles/cmTC_27617.dir/src.cxx.o] Ошибка 1
make[1]: выход из каталога «/home/svasilyev/disperse_v0.9.24_03/disperse_03/build/CMakeFiles/CMakeTmp»
make: *** [Makefile:121: cmTC_27617/fast] Ошибка 2


Source file was:

  #include <tr1/unordered_map>
  int main() 
   {
     std::unordered_map<int, int> m;
     return 0;
   }
  
Performing C++ SOURCE FILE Test TR1_UNORDERED_MAP_STD_TR1 failed with the following output:
Change Dir: /home/svasilyev/disperse_v0.9.24_03/disperse_03/build/CMakeFiles/CMakeTmp

Run Build Command(s):/usr/bin/make cmTC_bbb3e/fast && /usr/bin/make -f CMakeFiles/cmTC_bbb3e.dir/build.make CMakeFiles/cmTC_bbb3e.dir/build
make[1]: вход в каталог «/home/svasilyev/disperse_v0.9.24_03/disperse_03/build/CMakeFiles/CMakeTmp»
Building CXX object CMakeFiles/cmTC_bbb3e.dir/src.cxx.o
/usr/bin/c++    -DTR1_UNORDERED_MAP_STD_TR1   -o CMakeFiles/cmTC_bbb3e.dir/src.cxx.o -c /home/svasilyev/disperse_v0.9.24_03/disperse_03/build/CMakeFiles/CMakeTmp/src.cxx
/home/svasilyev/disperse_v0.9.24_03/disperse_03/build/CMakeFiles/CMakeTmp/src.cxx: In function ‘int main()’:
/home/svasilyev/disperse_v0.9.24_03/disperse_03/build/CMakeFiles/CMakeTmp/src.cxx:5:11: error: ‘std::tr1’ has not been declared
      std::tr1::unordered_map<int, int> m;
           ^~~
/home/svasilyev/disperse_v0.9.24_03/disperse_03/build/CMakeFiles/CMakeTmp/src.cxx:5:30: error: expected primary-expression before ‘int’
      std::tr1::unordered_map<int, int> m;
                              ^~~
make[1]: *** [CMakeFiles/cmTC_bbb3e.dir/build.make:66: CMakeFiles/cmTC_bbb3e.dir/src.cxx.o] Ошибка 1
make[1]: выход из каталога «/home/svasilyev/disperse_v0.9.24_03/disperse_03/build/CMakeFiles/CMakeTmp»
make: *** [Makefile:121: cmTC_bbb3e/fast] Ошибка 2


Source file was:

  #include <unordered_map>
  int main() 
   {
     std::tr1::unordered_map<int, int> m;
     return 0;
   }
  
Performing C SOURCE FILE Test CMAKE_HAVE_LIBC_PTHREAD failed with the following output:
Change Dir: /home/svasilyev/disperse_v0.9.24_03/disperse_03/build/CMakeFiles/CMakeTmp

Run Build Command(s):/usr/bin/make cmTC_38a86/fast && /usr/bin/make -f CMakeFiles/cmTC_38a86.dir/build.make CMakeFiles/cmTC_38a86.dir/build
make[1]: вход в каталог «/home/svasilyev/disperse_v0.9.24_03/disperse_03/build/CMakeFiles/CMakeTmp»
Building C object CMakeFiles/cmTC_38a86.dir/src.c.o
/usr/bin/cc   -DCMAKE_HAVE_LIBC_PTHREAD   -o CMakeFiles/cmTC_38a86.dir/src.c.o   -c /home/svasilyev/disperse_v0.9.24_03/disperse_03/build/CMakeFiles/CMakeTmp/src.c
Linking C executable cmTC_38a86
/usr/bin/cmake -E cmake_link_script CMakeFiles/cmTC_38a86.dir/link.txt --verbose=1
/usr/bin/cc  -DCMAKE_HAVE_LIBC_PTHREAD    -rdynamic CMakeFiles/cmTC_38a86.dir/src.c.o  -o cmTC_38a86 
/usr/bin/x86_64-linux-gnu-ld: CMakeFiles/cmTC_38a86.dir/src.c.o: в функции «main»:
src.c:(.text+0x3e): неопределённая ссылка на «pthread_create»
/usr/bin/x86_64-linux-gnu-ld: src.c:(.text+0x4a): неопределённая ссылка на «pthread_detach»
/usr/bin/x86_64-linux-gnu-ld: src.c:(.text+0x5b): неопределённая ссылка на «pthread_join»
collect2: error: ld returned 1 exit status
make[1]: *** [CMakeFiles/cmTC_38a86.dir/build.make:87: cmTC_38a86] Ошибка 1
make[1]: выход из каталога «/home/svasilyev/disperse_v0.9.24_03/disperse_03/build/CMakeFiles/CMakeTmp»
make: *** [Makefile:121: cmTC_38a86/fast] Ошибка 2


Source file was:
#include <pthread.h>

void* test_func(void* data)
{
  return data;
}

int main(void)
{
  pthread_t thread;
  pthread_create(&thread, NULL, test_func, NULL);
  pthread_detach(thread);
  pthread_join(thread, NULL);
  pthread_atfork(NULL, NULL, NULL);
  pthread_exit(NULL);

  return 0;
}

Determining if the function pthread_create exists in the pthreads failed with the following output:
Change Dir: /home/svasilyev/disperse_v0.9.24_03/disperse_03/build/CMakeFiles/CMakeTmp

Run Build Command(s):/usr/bin/make cmTC_7786b/fast && /usr/bin/make -f CMakeFiles/cmTC_7786b.dir/build.make CMakeFiles/cmTC_7786b.dir/build
make[1]: вход в каталог «/home/svasilyev/disperse_v0.9.24_03/disperse_03/build/CMakeFiles/CMakeTmp»
Building C object CMakeFiles/cmTC_7786b.dir/CheckFunctionExists.c.o
/usr/bin/cc   -DCHECK_FUNCTION_EXISTS=pthread_create   -o CMakeFiles/cmTC_7786b.dir/CheckFunctionExists.c.o   -c /usr/share/cmake-3.16/Modules/CheckFunctionExists.c
Linking C executable cmTC_7786b
/usr/bin/cmake -E cmake_link_script CMakeFiles/cmTC_7786b.dir/link.txt --verbose=1
/usr/bin/cc  -DCHECK_FUNCTION_EXISTS=pthread_create    -rdynamic CMakeFiles/cmTC_7786b.dir/CheckFunctionExists.c.o  -o cmTC_7786b  -lpthreads 
/usr/bin/x86_64-linux-gnu-ld: невозможно найти -lpthreads
collect2: error: ld returned 1 exit status
make[1]: *** [CMakeFiles/cmTC_7786b.dir/build.make:87: cmTC_7786b] Ошибка 1
make[1]: выход из каталога «/home/svasilyev/disperse_v0.9.24_03/disperse_03/build/CMakeFiles/CMakeTmp»
make: *** [Makefile:121: cmTC_7786b/fast] Ошибка 2



Determining if the Q_WS_WIN exist failed with the following output:
Change Dir: /home/svasilyev/disperse_v0.9.24_03/disperse_03/build/CMakeFiles/CMakeTmp

Run Build Command(s):/usr/bin/make cmTC_112a4/fast && /usr/bin/make -f CMakeFiles/cmTC_112a4.dir/build.make CMakeFiles/cmTC_112a4.dir/build
make[1]: вход в каталог «/home/svasilyev/disperse_v0.9.24_03/disperse_03/build/CMakeFiles/CMakeTmp»
Building CXX object CMakeFiles/cmTC_112a4.dir/CheckSymbolExists.cxx.o
/usr/bin/c++   -I/usr/include/qt4   -o CMakeFiles/cmTC_112a4.dir/CheckSymbolExists.cxx.o -c /home/svasilyev/disperse_v0.9.24_03/disperse_03/build/CMakeFiles/CMakeTmp/CheckSymbolExists.cxx
/home/svasilyev/disperse_v0.9.24_03/disperse_03/build/CMakeFiles/CMakeTmp/CheckSymbolExists.cxx: In function ‘int main(int, char**)’:
/home/svasilyev/disperse_v0.9.24_03/disperse_03/build/CMakeFiles/CMakeTmp/CheckSymbolExists.cxx:8:19: error: ‘Q_WS_WIN’ was not declared in this scope
   return ((int*)(&Q_WS_WIN))[argc];
                   ^~~~~~~~
make[1]: *** [CMakeFiles/cmTC_112a4.dir/build.make:66: CMakeFiles/cmTC_112a4.dir/CheckSymbolExists.cxx.o] Ошибка 1
make[1]: выход из каталога «/home/svasilyev/disperse_v0.9.24_03/disperse_03/build/CMakeFiles/CMakeTmp»
make: *** [Makefile:121: cmTC_112a4/fast] Ошибка 2


File /home/svasilyev/disperse_v0.9.24_03/disperse_03/build/CMakeFiles/CMakeTmp/CheckSymbolExists.cxx:
/* */
#include <QtCore/qglobal.h>

int main(int argc, char** argv)
{
  (void)argv;
#ifndef Q_WS_WIN
  return ((int*)(&Q_WS_WIN))[argc];
#else
  (void)argc;
  return 0;
#endif
}
Determining if the Q_WS_QWS exist failed with the following output:
Change Dir: /home/svasilyev/disperse_v0.9.24_03/disperse_03/build/CMakeFiles/CMakeTmp

Run Build Command(s):/usr/bin/make cmTC_bc078/fast && /usr/bin/make -f CMakeFiles/cmTC_bc078.dir/build.make CMakeFiles/cmTC_bc078.dir/build
make[1]: вход в каталог «/home/svasilyev/disperse_v0.9.24_03/disperse_03/build/CMakeFiles/CMakeTmp»
Building CXX object CMakeFiles/cmTC_bc078.dir/CheckSymbolExists.cxx.o
/usr/bin/c++   -I/usr/include/qt4   -o CMakeFiles/cmTC_bc078.dir/CheckSymbolExists.cxx.o -c /home/svasilyev/disperse_v0.9.24_03/disperse_03/build/CMakeFiles/CMakeTmp/CheckSymbolExists.cxx
/home/svasilyev/disperse_v0.9.24_03/disperse_03/build/CMakeFiles/CMakeTmp/CheckSymbolExists.cxx: In function ‘int main(int, char**)’:
/home/svasilyev/disperse_v0.9.24_03/disperse_03/build/CMakeFiles/CMakeTmp/CheckSymbolExists.cxx:8:19: error: ‘Q_WS_QWS’ was not declared in this scope
   return ((int*)(&Q_WS_QWS))[argc];
                   ^~~~~~~~
make[1]: *** [CMakeFiles/cmTC_bc078.dir/build.make:66: CMakeFiles/cmTC_bc078.dir/CheckSymbolExists.cxx.o] Ошибка 1
make[1]: выход из каталога «/home/svasilyev/disperse_v0.9.24_03/disperse_03/build/CMakeFiles/CMakeTmp»
make: *** [Makefile:121: cmTC_bc078/fast] Ошибка 2


File /home/svasilyev/disperse_v0.9.24_03/disperse_03/build/CMakeFiles/CMakeTmp/CheckSymbolExists.cxx:
/* */
#include <QtCore/qglobal.h>

int main(int argc, char** argv)
{
  (void)argv;
#ifndef Q_WS_QWS
  return ((int*)(&Q_WS_QWS))[argc];
#else
  (void)argc;
  return 0;
#endif
}
Determining if the Q_WS_MAC exist failed with the following output:
Change Dir: /home/svasilyev/disperse_v0.9.24_03/disperse_03/build/CMakeFiles/CMakeTmp

Run Build Command(s):/usr/bin/make cmTC_d901d/fast && /usr/bin/make -f CMakeFiles/cmTC_d901d.dir/build.make CMakeFiles/cmTC_d901d.dir/build
make[1]: вход в каталог «/home/svasilyev/disperse_v0.9.24_03/disperse_03/build/CMakeFiles/CMakeTmp»
Building CXX object CMakeFiles/cmTC_d901d.dir/CheckSymbolExists.cxx.o
/usr/bin/c++   -I/usr/include/qt4   -o CMakeFiles/cmTC_d901d.dir/CheckSymbolExists.cxx.o -c /home/svasilyev/disperse_v0.9.24_03/disperse_03/build/CMakeFiles/CMakeTmp/CheckSymbolExists.cxx
/home/svasilyev/disperse_v0.9.24_03/disperse_03/build/CMakeFiles/CMakeTmp/CheckSymbolExists.cxx: In function ‘int main(int, char**)’:
/home/svasilyev/disperse_v0.9.24_03/disperse_03/build/CMakeFiles/CMakeTmp/CheckSymbolExists.cxx:8:19: error: ‘Q_WS_MAC’ was not declared in this scope
   return ((int*)(&Q_WS_MAC))[argc];
                   ^~~~~~~~
make[1]: *** [CMakeFiles/cmTC_d901d.dir/build.make:66: CMakeFiles/cmTC_d901d.dir/CheckSymbolExists.cxx.o] Ошибка 1
make[1]: выход из каталога «/home/svasilyev/disperse_v0.9.24_03/disperse_03/build/CMakeFiles/CMakeTmp»
make: *** [Makefile:121: cmTC_d901d/fast] Ошибка 2


File /home/svasilyev/disperse_v0.9.24_03/disperse_03/build/CMakeFiles/CMakeTmp/CheckSymbolExists.cxx:
/* */
#include <QtCore/qglobal.h>

int main(int argc, char** argv)
{
  (void)argv;
#ifndef Q_WS_MAC
  return ((int*)(&Q_WS_MAC))[argc];
#else
  (void)argc;
  return 0;
#endif
}
